Determining if the pthread_create exist failed with the following output:
Change Dir: /u2/skragib/cs488/cs488/shared/glfw-3.1.1/build/CMakeFiles/CMakeTmp

Run Build Command:/usr/bin/make "cmTryCompileExec2279357571/fast"
/usr/bin/make -f CMakeFiles/cmTryCompileExec2279357571.dir/build.make CMakeFiles/cmTryCompileExec2279357571.dir/build
make[1]: Entering directory `/u2/skragib/cs488/cs488/shared/glfw-3.1.1/build/CMakeFiles/CMakeTmp'
/usr/bin/cmake -E cmake_progress_report /u2/skragib/cs488/cs488/shared/glfw-3.1.1/build/CMakeFiles/CMakeTmp/CMakeFiles 1
Building C object CMakeFiles/cmTryCompileExec2279357571.dir/CheckSymbolExists.c.o
/usr/bin/cc    -o CMakeFiles/cmTryCompileExec2279357571.dir/CheckSymbolExists.c.o   -c /u2/skragib/cs488/cs488/shared/glfw-3.1.1/build/CMakeFiles/CMakeTmp/CheckSymbolExists.c
Linking C executable cmTryCompileExec2279357571
/usr/bin/cmake -E cmake_link_script CMakeFiles/cmTryCompileExec2279357571.dir/link.txt --verbose=1
/usr/bin/cc       CMakeFiles/cmTryCompileExec2279357571.dir/CheckSymbolExists.c.o  -o cmTryCompileExec2279357571 -rdynamic 
CMakeFiles/cmTryCompileExec2279357571.dir/CheckSymbolExists.c.o: In function `main':
CheckSymbolExists.c:(.text+0x16): undefined reference to `pthread_create'
collect2: error: ld returned 1 exit status
make[1]: *** [cmTryCompileExec2279357571] Error 1
make[1]: Leaving directory `/u2/skragib/cs488/cs488/shared/glfw-3.1.1/build/CMakeFiles/CMakeTmp'
make: *** [cmTryCompileExec2279357571/fast] Error 2

File /u2/skragib/cs488/cs488/shared/glfw-3.1.1/build/CMakeFiles/CMakeTmp/CheckSymbolExists.c:
/* */
#include <pthread.h>

int main(int argc, char** argv)
{
  (void)argv;
#ifndef pthread_create
  return ((int*)(&pthread_create))[argc];
#else
  (void)argc;
  return 0;
#endif
}

Determining if the function pthread_create exists in the pthreads failed with the following output:
Change Dir: /u2/skragib/cs488/cs488/shared/glfw-3.1.1/build/CMakeFiles/CMakeTmp

Run Build Command:/usr/bin/make "cmTryCompileExec2250202155/fast"
/usr/bin/make -f CMakeFiles/cmTryCompileExec2250202155.dir/build.make CMakeFiles/cmTryCompileExec2250202155.dir/build
make[1]: Entering directory `/u2/skragib/cs488/cs488/shared/glfw-3.1.1/build/CMakeFiles/CMakeTmp'
/usr/bin/cmake -E cmake_progress_report /u2/skragib/cs488/cs488/shared/glfw-3.1.1/build/CMakeFiles/CMakeTmp/CMakeFiles 1
Building C object CMakeFiles/cmTryCompileExec2250202155.dir/CheckFunctionExists.c.o
/usr/bin/cc   -DCHECK_FUNCTION_EXISTS=pthread_create   -o CMakeFiles/cmTryCompileExec2250202155.dir/CheckFunctionExists.c.o   -c /usr/share/cmake-2.8/Modules/CheckFunctionExists.c
Linking C executable cmTryCompileExec2250202155
/usr/bin/cmake -E cmake_link_script CMakeFiles/cmTryCompileExec2250202155.dir/link.txt --verbose=1
/usr/bin/cc   -DCHECK_FUNCTION_EXISTS=pthread_create    CMakeFiles/cmTryCompileExec2250202155.dir/CheckFunctionExists.c.o  -o cmTryCompileExec2250202155 -rdynamic -lpthreads 
/usr/bin/ld: cannot find -lpthreads
collect2: error: ld returned 1 exit status
make[1]: Leaving directory `/u2/skragib/cs488/cs488/shared/glfw-3.1.1/build/CMakeFiles/CMakeTmp'
make[1]: *** [cmTryCompileExec2250202155] Error 1
make: *** [cmTryCompileExec2250202155/fast] Error 2


Determining if the function glXGetProcAddressEXT exists failed with the following output:
Change Dir: /u2/skragib/cs488/cs488/shared/glfw-3.1.1/build/CMakeFiles/CMakeTmp

Run Build Command:/usr/bin/make "cmTryCompileExec3105566188/fast"
/usr/bin/make -f CMakeFiles/cmTryCompileExec3105566188.dir/build.make CMakeFiles/cmTryCompileExec3105566188.dir/build
make[1]: Entering directory `/u2/skragib/cs488/cs488/shared/glfw-3.1.1/build/CMakeFiles/CMakeTmp'
/usr/bin/cmake -E cmake_progress_report /u2/skragib/cs488/cs488/shared/glfw-3.1.1/build/CMakeFiles/CMakeTmp/CMakeFiles 1
Building C object CMakeFiles/cmTryCompileExec3105566188.dir/CheckFunctionExists.c.o
/usr/bin/cc   -DCHECK_FUNCTION_EXISTS=glXGetProcAddressEXT   -o CMakeFiles/cmTryCompileExec3105566188.dir/CheckFunctionExists.c.o   -c /usr/share/cmake-2.8/Modules/CheckFunctionExists.c
Linking C executable cmTryCompileExec3105566188
/usr/bin/cmake -E cmake_link_script CMakeFiles/cmTryCompileExec3105566188.dir/link.txt --verbose=1
/usr/bin/cc   -DCHECK_FUNCTION_EXISTS=glXGetProcAddressEXT    CMakeFiles/cmTryCompileExec3105566188.dir/CheckFunctionExists.c.o  -o cmTryCompileExec3105566188 -rdynamic -lGL 
CMakeFiles/cmTryCompileExec3105566188.dir/CheckFunctionExists.c.o: In function `main':
CheckFunctionExists.c:(.text+0x15): undefined reference to `glXGetProcAddressEXT'
collect2: error: ld returned 1 exit status
make[1]: Leaving directory `/u2/skragib/cs488/cs488/shared/glfw-3.1.1/build/CMakeFiles/CMakeTmp'
make[1]: *** [cmTryCompileExec3105566188] Error 1
make: *** [cmTryCompileExec3105566188/fast] Error 2


